生成启动时间为 2014/9/3 17:28:33。
     1>项目“I:\项目\图片处理项目-贺辉老师\版本\图形比赛用\bmpTojpgNew0616\bmpTojpgNew\bmpTojpgNew.vcxproj”在节点 2 上(rebuild 个目标)。
     1>_PrepareForClean:
         正在删除文件“Debug\bmpTojpgNew.lastbuildstate”。
       InitializeBuildStatus:
         正在创建“Debug\bmpTojpgNew.unsuccessfulbuild”，因为已指定“AlwaysCreate”。
       ClCompile:
         D:\Program Files (x86)\Microsoft Visual Studio 10.0\VC\bin\CL.exe /c /ZI /nologo /W3 /WX- /Od /Oy- /D WIN32 /D _DEBUG /D _CRT_SECURE_NO_DEPRECATE /D _WINDOWS /D _USRDLL /D BMPTOJPGNEW_EXPORTS /D _WINDLL /D _UNICODE /D UNICODE /Gm /EHsc /RTC1 /MT /GS /fp:precise /Zc:wchar_t /Zc:forScope /Yc"StdAfx.h" /Fp"Debug\bmpTojpgNew.pch" /Fo"Debug\\" /Fd"Debug\vc100.pdb" /Gd /TP /analyze- /errorReport:prompt stdafx.cpp
         stdafx.cpp
         D:\Program Files (x86)\Microsoft Visual Studio 10.0\VC\bin\CL.exe /c /ZI /nologo /W3 /WX- /Od /Oy- /D WIN32 /D _DEBUG /D _CRT_SECURE_NO_DEPRECATE /D _WINDOWS /D _USRDLL /D BMPTOJPGNEW_EXPORTS /D _WINDLL /D _UNICODE /D UNICODE /Gm /EHsc /RTC1 /MT /GS /fp:precise /Zc:wchar_t /Zc:forScope /Yu"StdAfx.h" /Fp"Debug\bmpTojpgNew.pch" /Fo"Debug\\" /Fd"Debug\vc100.pdb" /Gd /TP /analyze- /errorReport:prompt bmpTojpgNew.cpp
         bmpTojpgNew.cpp
     1>i:\项目\图片处理项目-贺辉老师\版本\图形比赛用\bmptojpgnew0616\bmptojpgnew\methods.h(132): warning C4101: “withSize”: 未引用的局部变量
     1>i:\项目\图片处理项目-贺辉老师\版本\图形比赛用\bmptojpgnew0616\bmptojpgnew\methods.h(130): warning C4101: “rq”: 未引用的局部变量
     1>i:\项目\图片处理项目-贺辉老师\版本\图形比赛用\bmptojpgnew0616\bmptojpgnew\methods.h(331): warning C4101: “nAdjust”: 未引用的局部变量
     1>i:\项目\图片处理项目-贺辉老师\版本\图形比赛用\bmptojpgnew0616\bmptojpgnew\methods.h(450): warning C4101: “nAdjust”: 未引用的局部变量
     1>i:\项目\图片处理项目-贺辉老师\版本\图形比赛用\bmptojpgnew0616\bmptojpgnew\methods.h(746): warning C4101: “nAdjust”: 未引用的局部变量
     1>i:\项目\图片处理项目-贺辉老师\版本\图形比赛用\bmptojpgnew0616\bmptojpgnew\bmptojpgnew.cpp(176): warning C4244: “初始化”: 从“double”转换到“int”，可能丢失数据
     1>i:\项目\图片处理项目-贺辉老师\版本\图形比赛用\bmptojpgnew0616\bmptojpgnew\bmptojpgnew.cpp(390): warning C4244: “参数”: 从“int”转换到“float”，可能丢失数据
     1>i:\项目\图片处理项目-贺辉老师\版本\图形比赛用\bmptojpgnew0616\bmptojpgnew\bmptojpgnew.cpp(394): warning C4244: “参数”: 从“int”转换到“float”，可能丢失数据
     1>i:\项目\图片处理项目-贺辉老师\版本\图形比赛用\bmptojpgnew0616\bmptojpgnew\bmptojpgnew.cpp(58): warning C4101: “withSize”: 未引用的局部变量
     1>i:\项目\图片处理项目-贺辉老师\版本\图形比赛用\bmptojpgnew0616\bmptojpgnew\bmptojpgnew.cpp(61): warning C4101: “nAdjust32”: 未引用的局部变量
     1>i:\项目\图片处理项目-贺辉老师\版本\图形比赛用\bmptojpgnew0616\bmptojpgnew\bmptojpgnew.cpp(147): warning C4101: “rho_int”: 未引用的局部变量
     1>i:\项目\图片处理项目-贺辉老师\版本\图形比赛用\bmptojpgnew0616\bmptojpgnew\bmptojpgnew.cpp(401): warning C4101: “y_max”: 未引用的局部变量
     1>i:\项目\图片处理项目-贺辉老师\版本\图形比赛用\bmptojpgnew0616\bmptojpgnew\bmptojpgnew.cpp(401): warning C4101: “x_max”: 未引用的局部变量
     1>i:\项目\图片处理项目-贺辉老师\版本\图形比赛用\bmptojpgnew0616\bmptojpgnew\bmptojpgnew.cpp(401): warning C4101: “y_min”: 未引用的局部变量
     1>i:\项目\图片处理项目-贺辉老师\版本\图形比赛用\bmptojpgnew0616\bmptojpgnew\bmptojpgnew.cpp(401): warning C4101: “x_min”: 未引用的局部变量
     1>i:\项目\图片处理项目-贺辉老师\版本\图形比赛用\bmptojpgnew0616\bmptojpgnew\bmptojpgnew.cpp(55): warning C4101: “rq”: 未引用的局部变量
       Link:
         D:\Program Files (x86)\Microsoft Visual Studio 10.0\VC\bin\link.exe /ERRORREPORT:PROMPT /OUT:"I:\项目\图片处理项目-贺辉老师\版本\图形比赛用\bmpTojpgNew0616\Debug\bmpTojpgNew.dll" /INCREMENTAL /NOLOGO libjpeg.lib /MANIFEST /ManifestFile:"Debug\bmpTojpgNew.dll.intermediate.manifest" /MANIFESTUAC:"level='asInvoker' uiAccess='false'" /DEBUG /PDB:"I:\项目\图片处理项目-贺辉老师\版本\图形比赛用\bmpTojpgNew0616\Debug\bmpTojpgNew.pdb" /SUBSYSTEM:WINDOWS /TLBID:1 /DYNAMICBASE /NXCOMPAT /IMPLIB:"I:\项目\图片处理项目-贺辉老师\版本\图形比赛用\bmpTojpgNew0616\Debug\bmpTojpgNew.lib" /MACHINE:X86 /DLL Debug\bmpTojpgNew.obj
         Debug\stdafx.obj
            正在创建库 I:\项目\图片处理项目-贺辉老师\版本\图形比赛用\bmpTojpgNew0616\Debug\bmpTojpgNew.lib 和对象 I:\项目\图片处理项目-贺辉老师\版本\图形比赛用\bmpTojpgNew0616\Debug\bmpTojpgNew.exp
     1>LINK : warning LNK4098: 默认库“LIBCMT”与其他库的使用冲突；请使用 /NODEFAULTLIB:library
         bmpTojpgNew.vcxproj -> I:\项目\图片处理项目-贺辉老师\版本\图形比赛用\bmpTojpgNew0616\Debug\bmpTojpgNew.dll
       Manifest:
         C:\Program Files (x86)\Microsoft SDKs\Windows\v7.0A\bin\mt.exe /nologo /verbose /out:"I:\项目\图片处理项目-贺辉老师\版本\图形比赛用\bmpTojpgNew0616\Debug\bmpTojpgNew.dll.manifest" /manifest Debug\bmpTojpgNew.dll.intermediate.manifest "D:\Program Files (x86)\Microsoft Visual Studio 10.0\VC\Include\Manifest\dpiaware.manifest"
       FinalizeBuildStatus:
         正在删除文件“Debug\bmpTojpgNew.unsuccessfulbuild”。
         正在对“Debug\bmpTojpgNew.lastbuildstate”执行 Touch 任务。
     1>已完成生成项目“I:\项目\图片处理项目-贺辉老师\版本\图形比赛用\bmpTojpgNew0616\bmpTojpgNew\bmpTojpgNew.vcxproj”(rebuild 个目标)的操作。

生成成功。

已用时间 00:00:02.62
