I:\项目\图片处理项目-贺辉老师\版本\图形比赛用\BMPTOJPGNEW0616\BMPTOJPGNEW\DEBUG\BMPTOJPGNEW.DLL.INTERMEDIATE.MANIFEST
I:\项目\图片处理项目-贺辉老师\版本\图形比赛用\BMPTOJPGNEW0616\BMPTOJPGNEW\DEBUG\BMPTOJPGNEW.OBJ
I:\项目\图片处理项目-贺辉老师\版本\图形比赛用\BMPTOJPGNEW0616\BMPTOJPGNEW\DEBUG\BMPTOJPGNEW.PCH
I:\项目\图片处理项目-贺辉老师\版本\图形比赛用\bmpTojpgNew0616\bmpTojpgNew\Debug\bmpTojpgNew.write.1.tlog
I:\项目\图片处理项目-贺辉老师\版本\图形比赛用\bmpTojpgNew0616\bmpTojpgNew\Debug\cl.command.1.tlog
I:\项目\图片处理项目-贺辉老师\版本\图形比赛用\bmpTojpgNew0616\bmpTojpgNew\Debug\CL.read.1.tlog
I:\项目\图片处理项目-贺辉老师\版本\图形比赛用\bmpTojpgNew0616\bmpTojpgNew\Debug\CL.write.1.tlog
I:\项目\图片处理项目-贺辉老师\版本\图形比赛用\bmpTojpgNew0616\bmpTojpgNew\Debug\link.command.1.tlog
I:\项目\图片处理项目-贺辉老师\版本\图形比赛用\bmpTojpgNew0616\bmpTojpgNew\Debug\link.read.1.tlog
I:\项目\图片处理项目-贺辉老师\版本\图形比赛用\bmpTojpgNew0616\bmpTojpgNew\Debug\link.write.1.tlog
I:\项目\图片处理项目-贺辉老师\版本\图形比赛用\bmpTojpgNew0616\bmpTojpgNew\Debug\mt.command.1.tlog
I:\项目\图片处理项目-贺辉老师\版本\图形比赛用\bmpTojpgNew0616\bmpTojpgNew\Debug\mt.read.1.tlog
I:\项目\图片处理项目-贺辉老师\版本\图形比赛用\bmpTojpgNew0616\bmpTojpgNew\Debug\mt.write.1.tlog
I:\项目\图片处理项目-贺辉老师\版本\图形比赛用\BMPTOJPGNEW0616\BMPTOJPGNEW\DEBUG\STDAFX.OBJ
I:\项目\图片处理项目-贺辉老师\版本\图形比赛用\bmpTojpgNew0616\bmpTojpgNew\Debug\vc100.idb
I:\项目\图片处理项目-贺辉老师\版本\图形比赛用\BMPTOJPGNEW0616\BMPTOJPGNEW\DEBUG\VC100.PDB
I:\项目\图片处理项目-贺辉老师\版本\图形比赛用\BMPTOJPGNEW0616\DEBUG\BMPTOJPGNEW.DLL
I:\项目\图片处理项目-贺辉老师\版本\图形比赛用\BMPTOJPGNEW0616\DEBUG\BMPTOJPGNEW.DLL.MANIFEST
I:\项目\图片处理项目-贺辉老师\版本\图形比赛用\bmpTojpgNew0616\Debug\bmpTojpgNew.exp
I:\项目\图片处理项目-贺辉老师\版本\图形比赛用\BMPTOJPGNEW0616\DEBUG\BMPTOJPGNEW.ILK
I:\项目\图片处理项目-贺辉老师\版本\图形比赛用\bmpTojpgNew0616\Debug\bmpTojpgNew.lib
I:\项目\图片处理项目-贺辉老师\版本\图形比赛用\BMPTOJPGNEW0616\DEBUG\BMPTOJPGNEW.PDB
